<?xml version="1.0" encoding="UTF-8"?>
<!-- Generated by org.testng.reporters.JUnitXMLReporter -->
<testsuite ignored="0" hostname="pratik-thinkpad-e15-gen-4" failures="1" tests="1" name="Surefire test" time="0.046" errors="0" timestamp="2023-05-30T12:33:58 IST">
  <testcase classname="jiffy_test.JiffyTest" name="testRun" time="0.022">
    <failure type="io.github.cdimascio.dotenv.DotEnvException" message="Could not find /home/pratik/Documents/automation_project/automation/jify_api/.env on the classpath">
      <![CDATA[io.github.cdimascio.dotenv.DotEnvException: Could not find /home/pratik/Documents/automation_project/automation/jify_api/.env on the classpath
at io.github.cdimascio.dotenv.internal.ClasspathHelper.loadFileFromClasspath(ClassPathHelper.kt:37)
at io.github.cdimascio.dotenv.internal.DotenvReader.read(DotenvReader.kt:36)
at io.github.cdimascio.dotenv.internal.DotenvParser.parse(DotenvParser.kt:26)
at io.github.cdimascio.dotenv.DotenvBuilder.load(Dotenv.kt:124)
at jiffy_mailreport.JiffyEmail.env(JiffyEmail.java:30)
at jiffy_test.JiffyTest.testRun(JiffyTest.java:33)
at java.base/java.util.ArrayList.forEach(ArrayList.java:1511)
Suppressed: io.github.cdimascio.dotenv.DotEnvException: Could not find ./home/pratik/Documents/automation_project/automation/jify_api/.env on the file system (working directory: /home/pratik/Documents/automation_project/automation_lat/automation/jify_api)
at io.github.cdimascio.dotenv.internal.DotenvReader.read(DotenvReader.kt:40)
... 37 more
... Removed 32 stack frames]]>
    </failure>
  </testcase> <!-- testRun -->
</testsuite> <!-- Surefire test -->
