<?xml version="1.0" encoding="UTF-8"?>
<testsuite xmlns:xsi="http://www.w3.org/2001/XMLSchema-instance" xsi:noNamespaceSchemaLocation="https://maven.apache.org/surefire/maven-surefire-plugin/xsd/surefire-test-report.xsd" name="jiffy_test.JiffyTest" time="0.278" tests="1" errors="0" skipped="0" failures="1">
  <properties>
[...]
</properties>
  <testcase name="testRun" classname="jiffy_test.JiffyTest" time="0.025">
    <failure message="Could not find /home/pratik/Documents/automation_project/automation/jify_api/.env on the classpath" type="io.github.cdimascio.dotenv.DotEnvException">io.github.cdimascio.dotenv.DotEnvException: Could not find /home/pratik/Documents/automation_project/automation/jify_api/.env on the classpath
	at jiffy_test.JiffyTest.testRun(JiffyTest.java:33)
</failure>
    <system-err><![CDATA[SLF4J: Failed to load class "org.slf4j.impl.StaticLoggerBinder".
SLF4J: Defaulting to no-operation (NOP) logger implementation
SLF4J: See http://www.slf4j.org/codes.html#StaticLoggerBinder for further details.
]]></system-err>
  </testcase>
</testsuite>